2022-11-30 11:13:54,174  - INFO - 选择的浏览器为: chrome 浏览器
2022-11-30 11:13:54,174  - INFO - 选择的浏览器为: chrome 浏览器
2022-11-30 11:14:00,971  - INFO - 打开URL: https://www.baidu.com
2022-11-30 11:14:00,971  - INFO - 打开URL: https://www.baidu.com
2022-11-30 11:14:00,972  - INFO - 全屏当前窗口
2022-11-30 11:14:00,972  - INFO - 全屏当前窗口
2022-11-30 11:14:00,973  - INFO - 设置5秒隐式等待时间
2022-11-30 11:14:00,973  - INFO - 设置5秒隐式等待时间
2022-11-30 11:14:01,623  - INFO - 选择的浏览器为: chrome 浏览器
2022-11-30 11:14:01,623  - INFO - 打开的URL为: https://www.baidu.com
2022-11-30 11:14:03,069  - INFO - 启动谷歌浏览器
2022-11-30 11:14:03,069  - INFO - 打开URL: https://www.baidu.com
2022-11-30 11:14:03,071  - INFO - 全屏当前窗口
2022-11-30 11:14:03,071  - INFO - 设置5秒隐式等待时间
2022-11-30 11:14:03,072  - INFO -  page.open("https: // www.baidu.com")
2022-11-30 11:14:10,543  - INFO - selenium_百度搜索
2022-11-30 11:14:13,632  - INFO - 选择的浏览器为: chrome 浏览器
2022-11-30 11:14:13,632  - INFO - 选择的浏览器为: chrome 浏览器
2022-11-30 11:14:18,381  - INFO - 打开URL: https://www.baidu.com
2022-11-30 11:14:18,381  - INFO - 打开URL: https://www.baidu.com
2022-11-30 11:14:18,384  - INFO - 全屏当前窗口
2022-11-30 11:14:18,384  - INFO - 全屏当前窗口
2022-11-30 11:14:18,385  - INFO - 设置5秒隐式等待时间
2022-11-30 11:14:18,385  - INFO - 设置5秒隐式等待时间
